E:\OPENCV_CODE\OPENCV_CODE\练习题\第五章\PROBLEM_3\PROBLEM_3\DEBUG\MAIN.OBJ
E:\OPENCV_CODE\OPENCV_CODE\练习题\第五章\PROBLEM_3\PROBLEM_3\DEBUG\VC110.PDB
E:\OPENCV_CODE\OPENCV_CODE\练习题\第五章\PROBLEM_3\DEBUG\PROBLEM_3.ILK
E:\OPENCV_CODE\OPENCV_CODE\练习题\第五章\PROBLEM_3\DEBUG\PROBLEM_3.EXE
E:\OPENCV_CODE\OPENCV_CODE\练习题\第五章\PROBLEM_3\DEBUG\PROBLEM_3.PDB
E:\OpenCV_Code\OpenCV_Code\练习题\第五章\Problem_3\Problem_3\Debug\main.obj
E:\OpenCV_Code\OpenCV_Code\练习题\第五章\Problem_3\Problem_3\Debug\cl.command.1.tlog
E:\OpenCV_Code\OpenCV_Code\练习题\第五章\Problem_3\Problem_3\Debug\CL.read.1.tlog
E:\OpenCV_Code\OpenCV_Code\练习题\第五章\Problem_3\Problem_3\Debug\CL.write.1.tlog
E:\OpenCV_Code\OpenCV_Code\练习题\第五章\Problem_3\Problem_3\Debug\link-cvtres.read.1.tlog
E:\OpenCV_Code\OpenCV_Code\练习题\第五章\Problem_3\Problem_3\Debug\link-cvtres.write.1.tlog
E:\OpenCV_Code\OpenCV_Code\练习题\第五章\Problem_3\Problem_3\Debug\link-rc.read.1.tlog
E:\OpenCV_Code\OpenCV_Code\练习题\第五章\Problem_3\Problem_3\Debug\link-rc.write.1.tlog
E:\OpenCV_Code\OpenCV_Code\练习题\第五章\Problem_3\Problem_3\Debug\link.13948-cvtres.read.1.tlog
E:\OpenCV_Code\OpenCV_Code\练习题\第五章\Problem_3\Problem_3\Debug\link.13948-cvtres.write.1.tlog
E:\OpenCV_Code\OpenCV_Code\练习题\第五章\Problem_3\Problem_3\Debug\link.13948-rc.read.1.tlog
E:\OpenCV_Code\OpenCV_Code\练习题\第五章\Problem_3\Problem_3\Debug\link.13948-rc.write.1.tlog
E:\OpenCV_Code\OpenCV_Code\练习题\第五章\Problem_3\Problem_3\Debug\link.13948.read.1.tlog
E:\OpenCV_Code\OpenCV_Code\练习题\第五章\Problem_3\Problem_3\Debug\link.13948.write.1.tlog
E:\OpenCV_Code\OpenCV_Code\练习题\第五章\Problem_3\Problem_3\Debug\link.command.1.tlog
E:\OpenCV_Code\OpenCV_Code\练习题\第五章\Problem_3\Problem_3\Debug\link.read.1.tlog
E:\OpenCV_Code\OpenCV_Code\练习题\第五章\Problem_3\Problem_3\Debug\link.write.1.tlog
E:\OpenCV_Code\OpenCV_Code\练习题\第五章\Problem_3\Problem_3\Debug\vc110.idb
E:\OpenCV_Code\OpenCV_Code\练习题\第五章\Problem_3\Problem_3\Debug\vc110.pdb
E:\OpenCV_Code\OpenCV_Code\练习题\第五章\Problem_3\Debug\Problem_3.pdb
E:\OpenCV_Code\OpenCV_Code\练习题\第五章\Problem_3\Debug\Problem_3.exe
E:\OpenCV_Code\OpenCV_Code\练习题\第五章\Problem_3\Debug\Problem_3.ilk
