生成启动时间为 10/4 星期五 0:31:49。
     1>项目“E:\OpenCV_Code\OpenCV_Code\练习题\第四章\Problem_7\Problem_7\Problem_7.vcxproj”在节点 2 上(Build 个目标)。
     1>ClCompile:
         C:\Program Files (x86)\Microsoft Visual Studio 11.0\VC\bin\CL.exe /c /ZI /nologo /W3 /WX- /Od /Oy- /D WIN32 /D _DEBUG /D _CONSOLE /D _UNICODE /D UNICODE /Gm /EHsc /RTC1 /MDd /GS /fp:precise /Zc:wchar_t /Zc:forScope /Fo"Debug\\" /Fd"Debug\vc110.pdb" /Gd /TP /analyze- /errorReport:prompt main.cpp
         main.cpp
     1>e:\opencv_code\opencv_code\练习题\第四章\problem_7\problem_7\main.cpp(45): warning C4244: “+=”: 从“double”转换到“int”，可能丢失数据
     1>e:\opencv_code\opencv_code\练习题\第四章\problem_7\problem_7\main.cpp(46): warning C4244: “+=”: 从“double”转换到“int”，可能丢失数据
     1>e:\opencv_code\opencv_code\练习题\第四章\problem_7\problem_7\main.cpp(50): warning C4244: “-=”: 从“double”转换到“int”，可能丢失数据
     1>e:\opencv_code\opencv_code\练习题\第四章\problem_7\problem_7\main.cpp(51): warning C4244: “-=”: 从“double”转换到“int”，可能丢失数据
     1>e:\opencv_code\opencv_code\练习题\第四章\problem_7\problem_7\main.cpp(103): warning C4244: “+=”: 从“double”转换到“float”，可能丢失数据
     1>e:\opencv_code\opencv_code\练习题\第四章\problem_7\problem_7\main.cpp(106): warning C4244: “=”: 从“int”转换到“float”，可能丢失数据
     1>e:\opencv_code\opencv_code\练习题\第四章\problem_7\problem_7\main.cpp(111): warning C4244: “+=”: 从“double”转换到“float”，可能丢失数据
     1>e:\opencv_code\opencv_code\练习题\第四章\problem_7\problem_7\main.cpp(114): warning C4244: “=”: 从“int”转换到“float”，可能丢失数据
     1>e:\opencv_code\opencv_code\练习题\第四章\problem_7\problem_7\main.cpp(124): warning C4244: “-=”: 从“double”转换到“float”，可能丢失数据
     1>e:\opencv_code\opencv_code\练习题\第四章\problem_7\problem_7\main.cpp(132): warning C4244: “-=”: 从“double”转换到“float”，可能丢失数据
     1>e:\opencv_code\opencv_code\练习题\第四章\problem_7\problem_7\main.cpp(171): warning C4244: “=”: 从“int”转换到“float”，可能丢失数据
     1>e:\opencv_code\opencv_code\练习题\第四章\problem_7\problem_7\main.cpp(174): warning C4244: “=”: 从“int”转换到“float”，可能丢失数据
     1>e:\opencv_code\opencv_code\练习题\第四章\problem_7\problem_7\main.cpp(175): warning C4244: “=”: 从“int”转换到“float”，可能丢失数据
     1>e:\opencv_code\opencv_code\练习题\第四章\problem_7\problem_7\main.cpp(176): warning C4244: “=”: 从“int”转换到“float”，可能丢失数据
     1>e:\opencv_code\opencv_code\练习题\第四章\problem_7\problem_7\main.cpp(180): warning C4244: “=”: 从“int”转换到“float”，可能丢失数据
     1>e:\opencv_code\opencv_code\练习题\第四章\problem_7\problem_7\main.cpp(183): warning C4244: “=”: 从“int”转换到“float”，可能丢失数据
     1>e:\opencv_code\opencv_code\练习题\第四章\problem_7\problem_7\main.cpp(184): warning C4244: “=”: 从“int”转换到“float”，可能丢失数据
     1>e:\opencv_code\opencv_code\练习题\第四章\problem_7\problem_7\main.cpp(185): warning C4244: “=”: 从“int”转换到“float”，可能丢失数据
     1>e:\opencv_code\opencv_code\练习题\第四章\problem_7\problem_7\main.cpp(250): warning C4244: “参数”: 从“int”转换到“float”，可能丢失数据
     1>e:\opencv_code\opencv_code\练习题\第四章\problem_7\problem_7\main.cpp(266): warning C4244: “参数”: 从“int”转换到“float”，可能丢失数据
       Link:
         C:\Program Files (x86)\Microsoft Visual Studio 11.0\VC\bin\link.exe /ERRORREPORT:PROMPT /OUT:"E:\OpenCV_Code\OpenCV_Code\练习题\第四章\Problem_7\Debug\Problem_7.exe" /INCREMENTAL /NOLOGO kernel32.lib user32.lib gdi32.lib winspool.lib comdlg32.lib advapi32.lib shell32.lib ole32.lib oleaut32.lib uuid.lib odbc32.lib odbccp32.lib /MANIFEST /MANIFESTUAC:"level='asInvoker' uiAccess='false'" /manifest:embed /DEBUG /PDB:"E:\OpenCV_Code\OpenCV_Code\练习题\第四章\Problem_7\Debug\Problem_7.pdb" /SUBSYSTEM:CONSOLE /TLBID:1 /DYNAMICBASE /NXCOMPAT /IMPLIB:"E:\OpenCV_Code\OpenCV_Code\练习题\第四章\Problem_7\Debug\Problem_7.lib" /MACHINE:X86 Debug\main.obj
         Problem_7.vcxproj -> E:\OpenCV_Code\OpenCV_Code\练习题\第四章\Problem_7\Debug\Problem_7.exe
     1>已完成生成项目“E:\OpenCV_Code\OpenCV_Code\练习题\第四章\Problem_7\Problem_7\Problem_7.vcxproj”(Build 个目标)的操作。

生成成功。

已用时间 00:00:01.81
